2024-06-18 17:04:57 805:Start Application
2024-06-18 17:05:04 067:Login Sucess With User admin
2024-06-18 17:05:54 341:Exit Application
2024-06-19 13:12:10 416:Start Application
2024-06-19 13:12:15 399:Login Sucess With User admin
2024-06-19 13:20:23 789:Exit Application
2024-06-22 07:06:53 872:Start Application
2024-06-22 07:07:00 119:Login Sucess With User admin
2024-06-22 16:29:47 471:Exit Application
2024-06-22 16:29:53 681:Start Application
2024-06-22 16:30:25 087:Login Sucess With User admin
2024-06-22 19:08:52 527:Exit Application
2024-06-23 12:23:41 375:Start Application
2024-06-23 12:25:03 667:Login Sucess With User admin
2024-06-23 18:36:06 710:Exit Application
2024-06-24 07:23:26 551:Start Application
2024-06-24 07:25:28 900: User Id. Or Password is Incorrect, please verify admin
2024-06-24 07:25:33 061:Login Sucess With User admin
2024-06-24 14:22:19 763:Exit Application
2024-06-24 14:22:33 018:Start Application
2024-06-24 14:22:40 150:Login Sucess With User admin
2024-06-24 17:18:50 342:Exit Application
2024-06-25 08:52:16 068:Start Application
2024-06-25 08:54:14 575:Login Sucess With User admin
2024-06-25 11:15:03 784:Exit Application
2024-06-25 12:00:54 119:Start Application
2024-06-25 12:01:02 677:Login Sucess With User admin
2024-06-25 12:29:54 696:Exit Application
2024-06-25 13:50:22 477:Start Application
2024-06-25 13:50:28 008:Login Sucess With User admin
2024-06-25 13:50:59 065: Error 
 	 Complex DataBinding accepts as a data source either an IList or an IListSource. 
 	 Source :System.Windows.Forms 
 	 StackTrace 
 	   at System.Windows.Forms.ListControl.set_DataSource(Object value)
   at ZBPMS.DB_ANALYZE.frm_SQLSERVER_DataBase_Analyzer.DoSearch() in D:\INIT\ZFramework\ZFramework\Solution\ZFramework\ZBPMS\DB_ANALYZE\frm_SQLSERVER_DataBase_Analyzer.cs:line 209
   at ZBPMS.DB_ANALYZE.frm_SQLSERVER_DataBase_Analyzer.txt_search_KeyDown(Object sender, KeyEventArgs e) in D:\INIT\ZFramework\ZFramework\Solution\ZFramework\ZBPMS\DB_ANALYZE\frm_SQLSERVER_DataBase_Analyzer.cs:line 184
   at System.Windows.Forms.Control.OnKeyDown(KeyEventArgs e)
   at System.Windows.Forms.Control.ProcessKeyEventArgs(Message& m)
   at System.Windows.Forms.Control.ProcessKeyMessage(Message& m)
   at System.Windows.Forms.Control.WmKeyChar(Message& m)
   at System.Windows.Forms.Control.WndProc(Message& m)
   at System.Windows.Forms.TextBoxBase.WndProc(Message& m)
   at System.Windows.Forms.TextBox.WndProc(Message& m)
   at System.Windows.Forms.Control.ControlNativeWindow.OnMessage(Message& m)
   at System.Windows.Forms.Control.ControlNativeWindow.WndProc(Message& m)
   at System.Windows.Forms.NativeWindow.DebuggableCallback(IntPtr hWnd, Int32 msg, IntPtr wparam, IntPtr lparam)
   at System.Windows.Forms.UnsafeNativeMethods.DispatchMessageW(MSG& msg)
   at System.Windows.Forms.Application.ComponentManager.System.Windows.Forms.UnsafeNativeMethods.IMsoComponentManager.FPushMessageLoop(IntPtr dwComponentID, Int32 reason, Int32 pvLoopData)
   at System.Windows.Forms.Application.ThreadContext.RunMessageLoopInner(Int32 reason, ApplicationContext context)
   at System.Windows.Forms.Application.ThreadContext.RunMessageLoop(Int32 reason, ApplicationContext context)
   at System.Windows.Forms.Application.RunDialog(Form form)
   at System.Windows.Forms.Form.ShowDialog(IWin32Window owner)
   at System.Windows.Forms.Form.ShowDialog()
   at ZBPMS.frmlogin.DoLogin() in D:\INIT\ZFramework\ZFramework\Solution\ZFramework\ZBPMS\frmlogin.cs:line 97:
2024-06-25 13:51:04 798:Close Application
2024-06-25 14:52:20 067:Start Application
2024-06-25 14:52:23 194:Close Application
2024-06-25 16:14:24 443:Start Application
2024-06-25 16:14:29 182:Login Sucess With User admin
2024-06-25 16:15:32 127:Exit Application
2024-06-25 20:21:16 972:Start Application
2024-06-25 20:23:07 933:Login Sucess With User admin
2024-06-25 20:24:24 774:Exit Application
2024-06-26 09:22:35 629:Start Application
2024-06-26 09:22:43 903:Login Sucess With User admin
2024-06-26 10:43:12 431:Exit Application
2024-06-26 10:49:30 342:Start Application
2024-06-26 10:49:33 816:Close Application
2024-06-26 14:17:41 056:Start Application
2024-06-26 14:17:45 329:Login Sucess With User admin
2024-06-26 15:04:28 183: Error 
 	 Index was outside the bounds of the array. 
 	 Source :ZIDEEE 
 	 StackTrace 
 	   at ZBPMS.DB_ANALYZE.frm_SQLSERVER_DataBase_Analyzer.show_table_to_table_dependency(String name, Table Ref, DB_Graph Sender)
   at ZBPMS.DB_ANALYZE.frm_SQLSERVER_DataBase_Analyzer.Point_C_OnClick(DB_Graph Sender)
   at ZBPMS.DB_ANALYZE.Graph.DB_Graph.Click.Invoke(DB_Graph Sender)
   at ZBPMS.DB_ANALYZE.Graph.DB_Graph.OnDoubleClick(GoInputEventArgs evt, GoView view)
   at Northwoods.Go.GoView.DoDoubleClick(GoInputEventArgs evt)
   at Northwoods.Go.GoTool.DoClick(GoInputEventArgs evt)
   at Northwoods.Go.GoToolSelecting.Start()
   at Northwoods.Go.GoView.set_Tool(IGoTool value)
   at Northwoods.Go.GoToolManager.DoMouseUp()
   at Northwoods.Go.GoView.DoMouseUp()
   at Northwoods.Go.GoView.OnDoubleClick(EventArgs evt)
   at System.Windows.Forms.Control.WmMouseUp(Message& m, MouseButtons button, Int32 clicks)
   at System.Windows.Forms.Control.WndProc(Message& m)
   at System.Windows.Forms.Control.ControlNativeWindow.OnMessage(Message& m)
   at System.Windows.Forms.Control.ControlNativeWindow.WndProc(Message& m)
   at System.Windows.Forms.NativeWindow.DebuggableCallback(IntPtr hWnd, Int32 msg, IntPtr wparam, IntPtr lparam)
   at System.Windows.Forms.UnsafeNativeMethods.DispatchMessageW(MSG& msg)
   at System.Windows.Forms.Application.ComponentManager.System.Windows.Forms.UnsafeNativeMethods.IMsoComponentManager.FPushMessageLoop(IntPtr dwComponentID, Int32 reason, Int32 pvLoopData)
   at System.Windows.Forms.Application.ThreadContext.RunMessageLoopInner(Int32 reason, ApplicationContext context)
   at System.Windows.Forms.Application.ThreadContext.RunMessageLoop(Int32 reason, ApplicationContext context)
   at System.Windows.Forms.Application.RunDialog(Form form)
   at System.Windows.Forms.Form.ShowDialog(IWin32Window owner)
   at System.Windows.Forms.Form.ShowDialog()
   at ZBPMS.frmlogin.DoLogin():
2024-06-26 15:04:30 744:Close Application
2024-06-26 15:04:52 110:Start Application
2024-06-26 15:05:03 125:Login Sucess With User admin
2024-06-26 15:05:46 134: Error 
 	 Index was outside the bounds of the array. 
 	 Source :ZIDEEE 
 	 StackTrace 
 	   at ZBPMS.DB_ANALYZE.frm_SQLSERVER_DataBase_Analyzer.show_table_to_table_dependency(String name, Table Ref, DB_Graph Sender) in D:\INIT\ZFramework\ZFramework\Solution\ZFramework\ZBPMS\DB_ANALYZE\frm_SQLSERVER_DataBase_Analyzer.cs:line 669
   at ZBPMS.DB_ANALYZE.frm_SQLSERVER_DataBase_Analyzer.Point_C_OnClick(DB_Graph Sender) in D:\INIT\ZFramework\ZFramework\Solution\ZFramework\ZBPMS\DB_ANALYZE\frm_SQLSERVER_DataBase_Analyzer.cs:line 642
   at ZBPMS.DB_ANALYZE.Graph.DB_Graph.Click.Invoke(DB_Graph Sender)
   at ZBPMS.DB_ANALYZE.Graph.DB_Graph.OnDoubleClick(GoInputEventArgs evt, GoView view) in D:\INIT\ZFramework\ZFramework\Solution\ZFramework\ZBPMS\DB_ANALYZE\Graph\DB_Graph.cs:line 182
   at Northwoods.Go.GoView.DoDoubleClick(GoInputEventArgs evt)
   at Northwoods.Go.GoTool.DoClick(GoInputEventArgs evt)
   at Northwoods.Go.GoToolSelecting.Start()
   at Northwoods.Go.GoView.set_Tool(IGoTool value)
   at Northwoods.Go.GoToolManager.DoMouseUp()
   at Northwoods.Go.GoView.DoMouseUp()
   at Northwoods.Go.GoView.OnDoubleClick(EventArgs evt)
   at System.Windows.Forms.Control.WmMouseUp(Message& m, MouseButtons button, Int32 clicks)
   at System.Windows.Forms.Control.WndProc(Message& m)
   at System.Windows.Forms.Control.ControlNativeWindow.OnMessage(Message& m)
   at System.Windows.Forms.Control.ControlNativeWindow.WndProc(Message& m)
   at System.Windows.Forms.NativeWindow.DebuggableCallback(IntPtr hWnd, Int32 msg, IntPtr wparam, IntPtr lparam)
   at System.Windows.Forms.UnsafeNativeMethods.DispatchMessageW(MSG& msg)
   at System.Windows.Forms.Application.ComponentManager.System.Windows.Forms.UnsafeNativeMethods.IMsoComponentManager.FPushMessageLoop(IntPtr dwComponentID, Int32 reason, Int32 pvLoopData)
   at System.Windows.Forms.Application.ThreadContext.RunMessageLoopInner(Int32 reason, ApplicationContext context)
   at System.Windows.Forms.Application.ThreadContext.RunMessageLoop(Int32 reason, ApplicationContext context)
   at System.Windows.Forms.Application.RunDialog(Form form)
   at System.Windows.Forms.Form.ShowDialog(IWin32Window owner)
   at System.Windows.Forms.Form.ShowDialog()
   at ZBPMS.frmlogin.DoLogin() in D:\INIT\ZFramework\ZFramework\Solution\ZFramework\ZBPMS\frmlogin.cs:line 97:
2024-06-26 15:05:47 874:Close Application
2024-06-26 15:06:11 732:Start Application
2024-06-26 15:06:19 646:Login Sucess With User admin
2024-06-26 15:07:35 453: Error 
 	 Index was outside the bounds of the array. 
 	 Source :ZIDEEE 
 	 StackTrace 
 	   at ZBPMS.DB_ANALYZE.frm_SQLSERVER_DataBase_Analyzer.show_table_to_table_dependency(String name, Table Ref, DB_Graph Sender) in D:\INIT\ZFramework\ZFramework\Solution\ZFramework\ZBPMS\DB_ANALYZE\frm_SQLSERVER_DataBase_Analyzer.cs:line 669
   at ZBPMS.DB_ANALYZE.frm_SQLSERVER_DataBase_Analyzer.Point_C_OnClick(DB_Graph Sender) in D:\INIT\ZFramework\ZFramework\Solution\ZFramework\ZBPMS\DB_ANALYZE\frm_SQLSERVER_DataBase_Analyzer.cs:line 642
   at ZBPMS.DB_ANALYZE.Graph.DB_Graph.Click.Invoke(DB_Graph Sender)
   at ZBPMS.DB_ANALYZE.Graph.DB_Graph.OnDoubleClick(GoInputEventArgs evt, GoView view) in D:\INIT\ZFramework\ZFramework\Solution\ZFramework\ZBPMS\DB_ANALYZE\Graph\DB_Graph.cs:line 182
   at Northwoods.Go.GoView.DoDoubleClick(GoInputEventArgs evt)
   at Northwoods.Go.GoTool.DoClick(GoInputEventArgs evt)
   at Northwoods.Go.GoToolSelecting.Start()
   at Northwoods.Go.GoView.set_Tool(IGoTool value)
   at Northwoods.Go.GoToolManager.DoMouseUp()
   at Northwoods.Go.GoView.DoMouseUp()
   at Northwoods.Go.GoView.OnDoubleClick(EventArgs evt)
   at System.Windows.Forms.Control.WmMouseUp(Message& m, MouseButtons button, Int32 clicks)
   at System.Windows.Forms.Control.WndProc(Message& m)
   at System.Windows.Forms.Control.ControlNativeWindow.OnMessage(Message& m)
   at System.Windows.Forms.Control.ControlNativeWindow.WndProc(Message& m)
   at System.Windows.Forms.NativeWindow.DebuggableCallback(IntPtr hWnd, Int32 msg, IntPtr wparam, IntPtr lparam)
   at System.Windows.Forms.UnsafeNativeMethods.DispatchMessageW(MSG& msg)
   at System.Windows.Forms.Application.ComponentManager.System.Windows.Forms.UnsafeNativeMethods.IMsoComponentManager.FPushMessageLoop(IntPtr dwComponentID, Int32 reason, Int32 pvLoopData)
   at System.Windows.Forms.Application.ThreadContext.RunMessageLoopInner(Int32 reason, ApplicationContext context)
   at System.Windows.Forms.Application.ThreadContext.RunMessageLoop(Int32 reason, ApplicationContext context)
   at System.Windows.Forms.Application.RunDialog(Form form)
   at System.Windows.Forms.Form.ShowDialog(IWin32Window owner)
   at System.Windows.Forms.Form.ShowDialog()
   at ZBPMS.frmlogin.DoLogin() in D:\INIT\ZFramework\ZFramework\Solution\ZFramework\ZBPMS\frmlogin.cs:line 97:
2024-06-26 15:07:38 301:Close Application
2024-06-26 15:08:29 168:Start Application
2024-06-26 15:08:34 634:Login Sucess With User admin
2024-06-26 15:09:13 598: Error 
 	 Object reference not set to an instance of an object. 
 	 Source :ZIDEEE 
 	 StackTrace 
 	   at ZBPMS.DB_ANALYZE.Graph.DB_Graph..ctor(String Name, Object_Type t, Object Tag) in D:\INIT\ZFramework\ZFramework\Solution\ZFramework\ZBPMS\DB_ANALYZE\Graph\DB_Graph.cs:line 88
   at ZBPMS.DB_ANALYZE.frm_SQLSERVER_DataBase_Analyzer.show_table_to_table_dependency(String name, Table Ref, DB_Graph Sender) in D:\INIT\ZFramework\ZFramework\Solution\ZFramework\ZBPMS\DB_ANALYZE\frm_SQLSERVER_DataBase_Analyzer.cs:line 669
   at ZBPMS.DB_ANALYZE.frm_SQLSERVER_DataBase_Analyzer.Point_C_OnClick(DB_Graph Sender) in D:\INIT\ZFramework\ZFramework\Solution\ZFramework\ZBPMS\DB_ANALYZE\frm_SQLSERVER_DataBase_Analyzer.cs:line 642
   at ZBPMS.DB_ANALYZE.Graph.DB_Graph.Click.Invoke(DB_Graph Sender)
   at ZBPMS.DB_ANALYZE.Graph.DB_Graph.OnDoubleClick(GoInputEventArgs evt, GoView view) in D:\INIT\ZFramework\ZFramework\Solution\ZFramework\ZBPMS\DB_ANALYZE\Graph\DB_Graph.cs:line 182
   at Northwoods.Go.GoView.DoDoubleClick(GoInputEventArgs evt)
   at Northwoods.Go.GoTool.DoClick(GoInputEventArgs evt)
   at Northwoods.Go.GoToolSelecting.Start()
   at Northwoods.Go.GoView.set_Tool(IGoTool value)
   at Northwoods.Go.GoToolManager.DoMouseUp()
   at Northwoods.Go.GoView.DoMouseUp()
   at Northwoods.Go.GoView.OnDoubleClick(EventArgs evt)
   at System.Windows.Forms.Control.WmMouseUp(Message& m, MouseButtons button, Int32 clicks)
   at System.Windows.Forms.Control.WndProc(Message& m)
   at System.Windows.Forms.Control.ControlNativeWindow.OnMessage(Message& m)
   at System.Windows.Forms.Control.ControlNativeWindow.WndProc(Message& m)
   at System.Windows.Forms.NativeWindow.DebuggableCallback(IntPtr hWnd, Int32 msg, IntPtr wparam, IntPtr lparam)
   at System.Windows.Forms.UnsafeNativeMethods.DispatchMessageW(MSG& msg)
   at System.Windows.Forms.Application.ComponentManager.System.Windows.Forms.UnsafeNativeMethods.IMsoComponentManager.FPushMessageLoop(IntPtr dwComponentID, Int32 reason, Int32 pvLoopData)
   at System.Windows.Forms.Application.ThreadContext.RunMessageLoopInner(Int32 reason, ApplicationContext context)
   at System.Windows.Forms.Application.ThreadContext.RunMessageLoop(Int32 reason, ApplicationContext context)
   at System.Windows.Forms.Application.RunDialog(Form form)
   at System.Windows.Forms.Form.ShowDialog(IWin32Window owner)
   at System.Windows.Forms.Form.ShowDialog()
   at ZBPMS.frmlogin.DoLogin() in D:\INIT\ZFramework\ZFramework\Solution\ZFramework\ZBPMS\frmlogin.cs:line 97:
2024-06-26 15:09:19 848:Close Application
2024-06-26 15:11:38 910:Start Application
2024-06-26 15:11:43 141:Login Sucess With User admin
2024-06-26 15:35:57 891: Error 
 	 Object reference not set to an instance of an object. 
 	 Source :ZIDEEE 
 	 StackTrace 
 	   at ZBPMS.DB_ANALYZE.Graph.DB_Graph..ctor(String Name, Object_Type t, Object Tag)
   at ZBPMS.DB_ANALYZE.frm_SQLSERVER_DataBase_Analyzer.Add_Dependency(DB_Graph gobject, Int32 select_mode, DiagramViewer Dg)
   at ZBPMS.DB_ANALYZE.frm_SQLSERVER_DataBase_Analyzer.button2_Click(Object sender, EventArgs e)
   at System.Windows.Forms.Control.OnClick(EventArgs e)
   at System.Windows.Forms.Button.OnClick(EventArgs e)
   at System.Windows.Forms.Button.OnMouseUp(MouseEventArgs mevent)
   at System.Windows.Forms.Control.WmMouseUp(Message& m, MouseButtons button, Int32 clicks)
   at System.Windows.Forms.Control.WndProc(Message& m)
   at System.Windows.Forms.ButtonBase.WndProc(Message& m)
   at System.Windows.Forms.Button.WndProc(Message& m)
   at System.Windows.Forms.Control.ControlNativeWindow.OnMessage(Message& m)
   at System.Windows.Forms.Control.ControlNativeWindow.WndProc(Message& m)
   at System.Windows.Forms.NativeWindow.DebuggableCallback(IntPtr hWnd, Int32 msg, IntPtr wparam, IntPtr lparam)
   at System.Windows.Forms.UnsafeNativeMethods.DispatchMessageW(MSG& msg)
   at System.Windows.Forms.Application.ComponentManager.System.Windows.Forms.UnsafeNativeMethods.IMsoComponentManager.FPushMessageLoop(IntPtr dwComponentID, Int32 reason, Int32 pvLoopData)
   at System.Windows.Forms.Application.ThreadContext.RunMessageLoopInner(Int32 reason, ApplicationContext context)
   at System.Windows.Forms.Application.ThreadContext.RunMessageLoop(Int32 reason, ApplicationContext context)
   at System.Windows.Forms.Application.RunDialog(Form form)
   at System.Windows.Forms.Form.ShowDialog(IWin32Window owner)
   at System.Windows.Forms.Form.ShowDialog()
   at ZBPMS.frmlogin.DoLogin():
2024-06-26 15:35:59 142:Close Application
2024-06-26 15:36:33 234:Start Application
2024-06-26 15:37:10 645:Login Sucess With User admin
2024-06-26 15:37:34 230: Error 
 	 Object reference not set to an instance of an object. 
 	 Source :ZIDEEE 
 	 StackTrace 
 	   at ZBPMS.DB_ANALYZE.Graph.DB_Graph..ctor(String Name, Object_Type t, Object Tag) in D:\INIT\ZFramework\ZFramework\Solution\ZFramework\ZBPMS\DB_ANALYZE\Graph\DB_Graph.cs:line 136
   at ZBPMS.DB_ANALYZE.frm_SQLSERVER_DataBase_Analyzer.Add_Dependency(DB_Graph gobject, Int32 select_mode, DiagramViewer Dg) in D:\INIT\ZFramework\ZFramework\Solution\ZFramework\ZBPMS\DB_ANALYZE\frm_SQLSERVER_DataBase_Analyzer.cs:line 600
   at ZBPMS.DB_ANALYZE.frm_SQLSERVER_DataBase_Analyzer.button2_Click(Object sender, EventArgs e) in D:\INIT\ZFramework\ZFramework\Solution\ZFramework\ZBPMS\DB_ANALYZE\frm_SQLSERVER_DataBase_Analyzer.cs:line 575
   at System.Windows.Forms.Control.OnClick(EventArgs e)
   at System.Windows.Forms.Button.OnClick(EventArgs e)
   at System.Windows.Forms.Button.OnMouseUp(MouseEventArgs mevent)
   at System.Windows.Forms.Control.WmMouseUp(Message& m, MouseButtons button, Int32 clicks)
   at System.Windows.Forms.Control.WndProc(Message& m)
   at System.Windows.Forms.ButtonBase.WndProc(Message& m)
   at System.Windows.Forms.Button.WndProc(Message& m)
   at System.Windows.Forms.Control.ControlNativeWindow.OnMessage(Message& m)
   at System.Windows.Forms.Control.ControlNativeWindow.WndProc(Message& m)
   at System.Windows.Forms.NativeWindow.DebuggableCallback(IntPtr hWnd, Int32 msg, IntPtr wparam, IntPtr lparam)
   at System.Windows.Forms.UnsafeNativeMethods.DispatchMessageW(MSG& msg)
   at System.Windows.Forms.Application.ComponentManager.System.Windows.Forms.UnsafeNativeMethods.IMsoComponentManager.FPushMessageLoop(IntPtr dwComponentID, Int32 reason, Int32 pvLoopData)
   at System.Windows.Forms.Application.ThreadContext.RunMessageLoopInner(Int32 reason, ApplicationContext context)
   at System.Windows.Forms.Application.ThreadContext.RunMessageLoop(Int32 reason, ApplicationContext context)
   at System.Windows.Forms.Application.RunDialog(Form form)
   at System.Windows.Forms.Form.ShowDialog(IWin32Window owner)
   at System.Windows.Forms.Form.ShowDialog()
   at ZBPMS.frmlogin.DoLogin() in D:\INIT\ZFramework\ZFramework\Solution\ZFramework\ZBPMS\frmlogin.cs:line 97:
2024-06-26 15:37:35 489:Close Application
2024-06-26 21:04:11 583:Start Application
2024-06-26 21:04:19 286:Login Sucess With User admin
2024-06-26 21:14:37 956:Exit Application
2024-06-27 11:59:39 544:Start Application
2024-06-27 11:59:44 747:Login Sucess With User admin
2024-06-27 12:31:49 998:Exit Application
2024-06-27 13:08:13 512:Start Application
2024-06-27 13:08:17 657:Close Application
2024-06-28 01:52:11 511:Start Application
2024-06-28 01:52:16 260:Login Sucess With User admin
2024-06-28 01:52:35 949:Exit Application
2024-06-28 09:55:03 844:Start Application
2024-06-28 09:55:10 225:Login Sucess With User admin
2024-06-28 10:07:18 358:Exit Application
2024-06-28 10:17:23 467:Start Application
2024-06-28 10:17:29 607:Login Sucess With User admin
2024-06-28 10:18:19 179:Exit Application
2024-06-28 10:45:23 822:Start Application
2024-06-28 10:45:29 659:Login Sucess With User admin
2024-06-28 10:46:51 378:Exit Application
2024-06-28 10:47:52 246:Start Application
2024-06-28 10:47:58 572:Login Sucess With User admin
2024-06-28 10:52:11 572:Exit Application
2024-06-28 14:46:41 362:Start Application
2024-06-28 14:46:46 931:Login Sucess With User admin
2024-06-28 14:48:54 588:Exit Application
2024-06-29 07:37:10 214:Start Application
2024-06-29 07:37:36 799:Login Sucess With User admin
2024-06-29 08:34:57 223:Exit Application
2024-06-29 08:35:11 932:Start Application
2024-06-29 08:35:27 910:Close Application
2024-06-29 08:35:56 550:Start Application
2024-06-29 08:37:10 429:Close Application
2024-06-29 08:37:16 353:Start Application
2024-06-29 08:37:20 976:Login Sucess With User admin
2024-06-29 08:45:11 034:Exit Application
2024-06-29 09:55:05 757:Start Application
2024-06-29 09:55:10 834:Login Sucess With User admin
2024-06-29 10:16:12 119:Exit Application
2024-06-29 10:36:13 774:Start Application
2024-06-29 10:36:26 111:Login Sucess With User admin
2024-06-29 13:23:46 512:Exit Application
2024-06-29 14:23:28 348:Start Application
2024-06-29 14:23:30 611:Close Application
2024-06-29 14:24:18 370:Start Application
2024-06-29 14:24:24 396:Login Sucess With User admin
2024-06-29 15:09:59 505:Exit Application
2024-06-30 07:43:26 343:Start Application
2024-06-30 07:51:59 123:Login Sucess With User admin
2024-06-30 09:37:54 951:Exit Application
2024-06-30 09:43:36 588:Start Application
2024-06-30 09:43:45 721:Login Sucess With User admin
2024-06-30 11:45:52 941:Exit Application
2024-06-30 18:08:59 449:Start Application
2024-06-30 18:09:05 709:Login Sucess With User ADMIN
2024-06-30 20:04:49 420:Exit Application
2024-07-01 16:58:50 897:Start Application
2024-07-01 16:58:55 020:Login Sucess With User admin
2024-07-01 17:46:07 004:Exit Application
2024-07-02 12:19:07 584:Start Application
2024-07-02 12:19:12 534:Login Sucess With User admin
2024-07-02 13:21:36 478:Exit Application
2024-07-02 13:40:54 128:Start Application
2024-07-02 13:40:59 298:Login Sucess With User admin
2024-07-02 17:18:30 844:Exit Application
2024-07-03 17:58:21 908:Start Application
2024-07-03 17:58:28 214:Login Sucess With User admin
2024-07-03 19:14:05 971:Exit Application
2024-07-03 19:18:26 609:Start Application
2024-07-03 19:18:27 982:Close Application
2024-07-03 19:40:21 317:Start Application
2024-07-03 19:40:25 401:Login Sucess With User admin
2024-07-03 20:15:42 904:Exit Application
2024-07-04 11:50:21 019:Start Application
2024-07-04 11:50:29 819:Login Sucess With User admin
2024-07-04 11:52:14 549:Exit Application
2024-07-04 11:53:36 016:Start Application
2024-07-04 11:53:41 336:Login Sucess With User admin
2024-07-04 12:11:18 142:Exit Application
2024-07-04 14:28:55 958:Start Application
2024-07-04 14:29:05 219: User Id. Or Password is Incorrect, please verify ADMIN
2024-07-04 14:29:09 480:Login Sucess With User ADMIN
2024-07-04 15:11:35 198:Exit Application
2024-07-04 22:16:38 313:Start Application
2024-07-04 22:16:43 247:Login Sucess With User ADMIN
2024-07-04 22:45:34 138:Exit Application
2024-07-06 10:42:15 419:Start Application
2024-07-06 10:42:22 190:Login Sucess With User admin
2024-07-06 16:26:09 059:Exit Application
2024-07-06 17:50:20 372:Start Application
2024-07-06 17:50:26 000:Login Sucess With User admin
2024-07-06 18:35:02 254:Exit Application
2024-07-07 10:59:16 475:Start Application
2024-07-07 11:00:45 863:Close Application
2024-07-07 11:11:47 687:Start Application
2024-07-07 11:11:56 616:Login Sucess With User admin
2024-07-07 15:17:08 232:Exit Application
2024-07-07 18:44:12 621:Start Application
2024-07-07 18:44:18 272:Login Sucess With User ADMIN
2024-07-07 19:17:23 779:Exit Application
2024-07-08 10:26:44 253:Start Application
2024-07-08 10:26:50 012:Login Sucess With User admin
2024-07-08 10:33:51 473:Exit Application
2024-07-08 11:13:40 457:Start Application
2024-07-08 11:13:48 190:Login Sucess With User admin
2024-07-08 11:33:17 093:Exit Application
2024-07-08 12:52:59 737:Start Application
2024-07-08 12:53:03 830:Login Sucess With User admin
2024-07-08 19:34:44 619:Exit Application
2024-07-08 19:35:06 077:Start Application
2024-07-08 19:35:10 565:Login Sucess With User admin
2024-07-09 10:56:11 077:Exit Application
2024-07-09 12:03:08 626:Start Application
2024-07-09 12:03:14 551:Login Sucess With User admin
2024-07-09 15:58:32 807:Exit Application
2024-07-09 16:36:05 126:Start Application
2024-07-09 16:36:25 580:Login Sucess With User admin
2024-07-09 17:31:50 255:Exit Application
2024-07-09 20:08:24 668:Start Application
2024-07-09 20:08:30 071: User Id. Or Password is Incorrect, please verify ADMIN
2024-07-09 20:08:33 234:Login Sucess With User ADMIN
2024-07-09 20:18:18 725:Exit Application
2024-07-13 11:54:52 502:Start Application
2024-07-13 11:55:01 598:Login Sucess With User admin
2024-07-13 13:32:18 315:Exit Application
2024-07-13 18:12:38 484:Start Application
2024-07-13 18:12:44 863:Login Sucess With User admin
2024-07-13 18:47:05 555:Exit Application
2024-07-14 16:05:32 054:Start Application
2024-07-14 16:05:38 196:Login Sucess With User admin
2024-07-14 17:14:28 604:Exit Application
2024-07-14 21:20:16 909:Start Application
2024-07-14 21:20:26 904:Login Sucess With User admin
2024-07-14 22:12:20 601:Exit Application
2024-07-15 19:13:07 627:Start Application
2024-07-15 19:13:17 427: User Id. Or Password is Incorrect, please verify admin
2024-07-15 19:13:21 398:Close Application
2024-07-16 11:11:42 064:Start Application
2024-07-16 11:12:57 374:Close Application
2024-07-16 11:14:14 992:Start Application
2024-07-16 11:14:22 602:Login Sucess With User admin
2024-07-16 11:14:55 986:Exit Application
2024-07-16 11:21:27 486:Start Application
2024-07-16 11:21:32 355:Close Application
2024-07-16 11:21:48 149:Start Application
2024-07-16 11:21:49 480:Close Application
2024-07-17 18:50:38 658:Start Application
2024-07-17 18:50:44 438:Login Sucess With User admin
2024-07-17 20:30:28 454:Exit Application
2024-07-18 12:19:55 056:Start Application
2024-07-18 12:20:00 806:Login Sucess With User admin
2024-07-18 14:39:34 627:Exit Application
2024-07-20 15:04:16 792:Start Application
2024-07-20 15:04:21 318:Login Sucess With User admin
2024-07-20 15:05:30 344:Exit Application
2024-07-21 16:16:39 330:Start Application
2024-07-21 16:16:45 306:Login Sucess With User admin
2024-07-21 19:39:02 042:Exit Application
2024-07-22 14:31:14 572:Start Application
2024-07-22 14:31:16 408:Close Application
2024-07-23 10:17:22 295:Start Application
2024-07-23 10:17:27 476:Login Sucess With User ADMIN
2024-07-23 12:43:15 834:Exit Application
2024-07-24 10:16:07 036:Start Application
2024-07-24 10:16:29 433:Login Sucess With User admin
2024-07-24 15:58:29 335:Exit Application
2024-07-25 13:36:07 940:Start Application
2024-07-25 13:36:13 508:Login Sucess With User admin
2024-07-25 13:55:10 915:Exit Application
2024-07-25 14:26:43 863:Start Application
2024-07-25 14:26:48 514:Login Sucess With User ADMIN
2024-07-25 18:07:44 101:Exit Application
2024-07-27 10:12:18 550:Start Application
2024-07-27 10:12:21 198:Close Application
2024-07-27 12:59:13 570:Start Application
2024-07-27 12:59:14 941:Close Application
2024-07-27 18:36:14 790:Start Application
2024-07-27 18:36:23 688:Login Sucess With User ADMIN
2024-07-27 18:37:11 704:Exit Application
2024-07-28 10:06:18 288:Start Application
2024-07-28 10:06:25 313:Login Sucess With User ADMIN
2024-07-28 10:19:15 576:Exit Application
2024-07-29 22:17:39 588:Start Application
2024-07-29 22:17:46 057:Login Sucess With User admin
2024-07-30 12:27:07 998:Exit Application
2024-07-30 13:02:01 903:Start Application
2024-07-30 13:02:07 046:Login Sucess With User admin
2024-07-30 13:09:37 001:Exit Application
2024-07-30 20:01:00 353:Start Application
2024-07-30 20:01:04 601:Login Sucess With User ADMIN
2024-07-30 20:22:24 925:Exit Application
2024-07-30 20:29:14 370:Start Application
2024-07-30 20:29:23 170:Login Sucess With User ADMIN
2024-07-30 20:39:09 978:Exit Application
2024-08-01 19:32:21 916:Start Application
2024-08-01 19:32:28 758:Login Sucess With User admin
2024-08-01 19:56:58 621:Exit Application
2024-08-01 20:26:46 606:Start Application
2024-08-01 20:28:12 263:Login Sucess With User admin
2024-08-01 20:50:34 912:Exit Application
2024-08-01 21:21:38 477:Start Application
2024-08-01 21:21:57 813:Login Sucess With User admin
2024-08-01 23:23:56 842:Exit Application
2024-08-03 10:10:58 904:Start Application
2024-08-03 10:11:05 075:Login Sucess With User admin
2024-08-03 16:53:50 386:Exit Application
2024-08-06 10:38:02 116:Start Application
2024-08-06 10:38:07 280: User Id. Or Password is Incorrect, please verify ADMIN
2024-08-06 10:38:10 672:Login Sucess With User ADMIN
2024-08-06 10:40:34 924:Exit Application
2024-08-06 11:56:41 242:Start Application
2024-08-06 11:56:47 920:Login Sucess With User admin
2024-08-06 11:59:30 926:Exit Application
2024-08-06 13:40:21 454:Start Application
2024-08-06 13:40:29 493:Login Sucess With User ADMIN
2024-08-06 18:45:44 798:Exit Application
2024-08-06 19:54:45 745:Start Application
2024-08-06 19:54:50 405:Close Application
2024-08-07 20:07:48 878:Start Application
2024-08-07 20:07:53 905:Login Sucess With User admin
2024-08-07 20:26:25 002:Exit Application
2024-08-08 14:00:54 212:Start Application
2024-08-08 14:00:59 019:Login Sucess With User ADMIN
2024-08-08 14:52:24 329:Exit Application
2024-08-08 16:25:04 472:Start Application
2024-08-08 16:27:24 050:Login Sucess With User admin
2024-08-08 18:02:14 027:Exit Application
2024-08-10 10:49:00 571:Start Application
2024-08-10 10:49:07 155: User Id. Or Password is Incorrect, please verify admin
2024-08-10 10:49:11 636:Login Sucess With User admin
2024-08-10 14:31:54 238:Exit Application
2024-08-10 15:29:41 305:Start Application
2024-08-10 15:29:46 567:Login Sucess With User admin
2024-08-10 18:21:46 011:Exit Application
2024-08-11 10:21:36 932:Start Application
2024-08-11 10:22:07 602:Close Application
2024-08-12 10:16:18 646:Start Application
2024-08-12 10:16:23 617:Login Sucess With User admin
2024-08-12 10:38:12 857:Exit Application
2024-08-12 11:30:22 109:Start Application
2024-08-12 11:30:26 611:Login Sucess With User admin
2024-08-12 14:06:03 096:Exit Application
2024-08-13 11:06:05 415:Start Application
2024-08-13 11:06:12 265:Login Sucess With User admin
2024-08-13 14:18:40 601:Exit Application
2024-08-13 14:29:13 048:Start Application
2024-08-13 14:29:14 953:Close Application
2024-08-15 16:53:06 872:Start Application
2024-08-15 16:53:11 539:Login Sucess With User admin
2024-08-15 17:09:34 356:Exit Application
2024-08-18 20:13:17 217:Start Application
2024-08-18 20:13:19 443:Close Application
2024-08-19 13:19:36 009:Start Application
2024-08-19 13:19:42 407:Login Sucess With User admin
2024-08-19 14:26:36 926:Exit Application
2024-08-19 16:48:44 483:Start Application
2024-08-19 16:48:56 945:Close Application
2024-08-25 13:27:43 761:Start Application
2024-08-25 13:27:50 169:Login Sucess With User Admin
2024-08-25 13:37:45 934:Exit Application
2024-08-28 14:35:59 726:Start Application
2024-08-28 14:36:07 508:Login Sucess With User admin
2024-08-28 18:57:41 078:Exit Application
2024-08-29 11:11:51 372:Start Application
2024-08-29 11:12:06 498:Login Sucess With User admin
2024-08-29 18:11:15 958:Exit Application
2024-08-31 12:09:35 782:Start Application
2024-08-31 12:09:46 876:Login Sucess With User admin
2024-08-31 12:17:28 867:Exit Application
2024-08-31 12:18:04 432:Start Application
2024-08-31 12:18:48 405:Login Sucess With User admin
2024-08-31 15:41:46 999:Exit Application
2024-08-31 17:57:58 488:Start Application
2024-08-31 17:58:10 505:Login Sucess With User admin
2024-08-31 18:02:50 342:Exit Application
2024-08-31 18:34:47 179:Start Application
2024-08-31 18:34:51 557:Login Sucess With User admin
2024-08-31 19:32:07 153:Exit Application
2024-09-01 18:48:13 548:Start Application
2024-09-01 18:48:18 231:Login Sucess With User admin
2024-09-01 19:21:49 205:Exit Application
2024-09-02 13:34:35 738:Start Application
2024-09-02 13:35:35 672:Login Sucess With User admin
2024-09-02 19:10:36 203:Exit Application
2024-09-07 15:36:17 849:Start Application
2024-09-07 15:36:23 199:Login Sucess With User admin
2024-09-07 15:57:16 384:Exit Application
2024-09-08 14:26:50 349:Start Application
2024-09-08 14:27:03 132:Login Sucess With User admin
2024-09-08 20:04:28 878:Exit Application
2024-09-09 13:25:00 238:Start Application
2024-09-09 13:25:18 962:Login Sucess With User admin
2024-09-09 17:40:57 005:Exit Application
2024-09-16 16:57:30 563:Start Application
2024-09-16 16:58:10 463:Login Sucess With User admin
2024-09-16 17:22:18 710:Exit Application
2024-09-21 14:52:29 405:Start Application
2024-09-21 14:52:30 887:Close Application
2024-09-21 15:25:44 543:Start Application
2024-09-21 15:25:45 958:Close Application
2024-09-21 16:07:12 466:Start Application
2024-09-21 16:07:14 034:Close Application
2024-09-22 10:56:10 265:Start Application
2024-09-22 10:56:15 812:Login Sucess With User admin
2024-09-22 13:03:27 510:Exit Application
2024-09-22 14:03:37 447:Start Application
2024-09-22 14:03:46 968:Login Sucess With User admin
2024-09-22 14:18:13 418:Exit Application
2024-09-22 14:35:27 347:Start Application
2024-09-22 14:35:33 252:Login Sucess With User admin
2024-09-22 14:36:15 689:Exit Application
2024-09-23 09:34:08 635:Start Application
2024-09-23 09:34:15 786:Close Application
2024-09-24 12:24:29 471:Start Application
2024-09-24 12:24:36 763:Login Sucess With User admin
2024-09-24 12:24:40 815:Exit Application
2024-09-24 12:27:50 916:Start Application
2024-09-24 12:27:54 963:Login Sucess With User admin
2024-09-24 12:30:02 922:Exit Application
2024-09-24 12:31:42 888:Start Application
2024-09-24 12:32:00 894:Login Sucess With User admin
2024-09-24 13:11:51 319:Exit Application
2024-09-24 13:26:55 416:Start Application
2024-09-24 13:27:15 568:Login Sucess With User admin
2024-09-24 14:09:20 531:Exit Application
2024-09-24 14:10:56 848:Start Application
2024-09-24 14:12:49 563:Login Sucess With User ADMIN
2024-09-24 16:32:44 305:Exit Application
2024-09-25 09:47:44 342:Start Application
2024-09-25 09:47:49 670:Login Sucess With User admin
2024-09-25 11:16:26 187:Exit Application
2024-09-25 11:36:53 820:Start Application
2024-09-25 11:36:55 510:Close Application
2024-09-25 12:04:50 868:Start Application
2024-09-25 12:04:59 480:Login Sucess With User admin
2024-09-25 12:05:17 056: Error 
 	 Could not load file or assembly 'MySql.Data, Version=6.9.8.0, Culture=neutral, PublicKeyToken=c5687fc88969c44d' or one of its dependencies. The located assembly's manifest definition does not match the assembly reference. (Exception from HRESULT: 0x80131040) 
 	 Source :ZIDEEE 
 	 StackTrace 
 	   at ZBPMS.UI.IDE_Form.frm_DefineProject.DetectDataBaseAsZBPMSDATABASE()
   at ZBPMS.UI.IDE_Form.frm_DefineProject.button5_Click(Object sender, EventArgs e) in D:\INIT\ZFramework\ZFramework\Solution\ZFramework\ZBPMS\UI\IDE_Form\frm_DefineProject.cs:line 314
   at System.Windows.Forms.Control.OnClick(EventArgs e)
   at System.Windows.Forms.Button.OnClick(EventArgs e)
   at System.Windows.Forms.Button.OnMouseUp(MouseEventArgs mevent)
   at System.Windows.Forms.Control.WmMouseUp(Message& m, MouseButtons button, Int32 clicks)
   at System.Windows.Forms.Control.WndProc(Message& m)
   at System.Windows.Forms.ButtonBase.WndProc(Message& m)
   at System.Windows.Forms.Button.WndProc(Message& m)
   at System.Windows.Forms.Control.ControlNativeWindow.OnMessage(Message& m)
   at System.Windows.Forms.Control.ControlNativeWindow.WndProc(Message& m)
   at System.Windows.Forms.NativeWindow.DebuggableCallback(IntPtr hWnd, Int32 msg, IntPtr wparam, IntPtr lparam)
   at System.Windows.Forms.UnsafeNativeMethods.DispatchMessageW(MSG& msg)
   at System.Windows.Forms.Application.ComponentManager.System.Windows.Forms.UnsafeNativeMethods.IMsoComponentManager.FPushMessageLoop(IntPtr dwComponentID, Int32 reason, Int32 pvLoopData)
   at System.Windows.Forms.Application.ThreadContext.RunMessageLoopInner(Int32 reason, ApplicationContext context)
   at System.Windows.Forms.Application.ThreadContext.RunMessageLoop(Int32 reason, ApplicationContext context)
   at System.Windows.Forms.Application.RunDialog(Form form)
   at System.Windows.Forms.Form.ShowDialog(IWin32Window owner)
   at System.Windows.Forms.Form.ShowDialog()
   at ZBPMS.UI.IDE_Form.frm_ProjectManagement.cmdnewproject_Click(Object sender, EventArgs e) in D:\INIT\ZFramework\ZFramework\Solution\ZFramework\ZBPMS\UI\IDE_Form\frm_ProjectManagement.cs:line 151
   at System.Windows.Forms.Control.OnClick(EventArgs e)
   at System.Windows.Forms.Button.OnClick(EventArgs e)
   at System.Windows.Forms.Button.OnMouseUp(MouseEventArgs mevent)
   at System.Windows.Forms.Control.WmMouseUp(Message& m, MouseButtons button, Int32 clicks)
   at System.Windows.Forms.Control.WndProc(Message& m)
   at System.Windows.Forms.ButtonBase.WndProc(Message& m)
   at System.Windows.Forms.Button.WndProc(Message& m)
   at System.Windows.Forms.Control.ControlNativeWindow.OnMessage(Message& m)
   at System.Windows.Forms.Control.ControlNativeWindow.WndProc(Message& m)
   at System.Windows.Forms.NativeWindow.DebuggableCallback(IntPtr hWnd, Int32 msg, IntPtr wparam, IntPtr lparam)
   at System.Windows.Forms.UnsafeNativeMethods.DispatchMessageW(MSG& msg)
   at System.Windows.Forms.Application.ComponentManager.System.Windows.Forms.UnsafeNativeMethods.IMsoComponentManager.FPushMessageLoop(IntPtr dwComponentID, Int32 reason, Int32 pvLoopData)
   at System.Windows.Forms.Application.ThreadContext.RunMessageLoopInner(Int32 reason, ApplicationContext context)
   at System.Windows.Forms.Application.ThreadContext.RunMessageLoop(Int32 reason, ApplicationContext context)
   at System.Windows.Forms.Application.RunDialog(Form form)
   at System.Windows.Forms.Form.ShowDialog(IWin32Window owner)
   at System.Windows.Forms.Form.ShowDialog()
   at ZBPMS.UI.frmmain.ShowProjectManagementForm() in D:\INIT\ZFramework\ZFramework\Solution\ZFramework\ZBPMS\UI\frmmain.cs:line 561
   at ZBPMS.UI.frmmain.mnuprojectmanagementstrip_Click(Object sender, EventArgs e) in D:\INIT\ZFramework\ZFramework\Solution\ZFramework\ZBPMS\UI\frmmain.cs:line 1766
   at System.Windows.Forms.ToolStripItem.RaiseEvent(Object key, EventArgs e)
   at System.Windows.Forms.ToolStripButton.OnClick(EventArgs e)
   at System.Windows.Forms.ToolStripItem.HandleClick(EventArgs e)
   at System.Windows.Forms.ToolStripItem.HandleMouseUp(MouseEventArgs e)
   at System.Windows.Forms.ToolStripItem.FireEventInteractive(EventArgs e, ToolStripItemEventType met)
   at System.Windows.Forms.ToolStripItem.FireEvent(EventArgs e, ToolStripItemEventType met)
   at System.Windows.Forms.ToolStrip.OnMouseUp(MouseEventArgs mea)
   at System.Windows.Forms.Control.WmMouseUp(Message& m, MouseButtons button, Int32 clicks)
   at System.Windows.Forms.Control.WndProc(Message& m)
   at System.Windows.Forms.ScrollableControl.WndProc(Message& m)
   at System.Windows.Forms.ToolStrip.WndProc(Message& m)
   at System.Windows.Forms.Control.ControlNativeWindow.OnMessage(Message& m)
   at System.Windows.Forms.Control.ControlNativeWindow.WndProc(Message& m)
   at System.Windows.Forms.NativeWindow.DebuggableCallback(IntPtr hWnd, Int32 msg, IntPtr wparam, IntPtr lparam)
   at System.Windows.Forms.UnsafeNativeMethods.DispatchMessageW(MSG& msg)
   at System.Windows.Forms.Application.ComponentManager.System.Windows.Forms.UnsafeNativeMethods.IMsoComponentManager.FPushMessageLoop(IntPtr dwComponentID, Int32 reason, Int32 pvLoopData)
   at System.Windows.Forms.Application.ThreadContext.RunMessageLoopInner(Int32 reason, ApplicationContext context)
   at System.Windows.Forms.Application.ThreadContext.RunMessageLoop(Int32 reason, ApplicationContext context)
   at System.Windows.Forms.Application.RunDialog(Form form)
   at System.Windows.Forms.Form.ShowDialog(IWin32Window owner)
   at System.Windows.Forms.Form.ShowDialog()
   at ZBPMS.frmlogin.DoLogin() in D:\INIT\ZFramework\ZFramework\Solution\ZFramework\ZBPMS\frmlogin.cs:line 97:
2024-09-25 12:05:29 061:Close Application
2024-09-25 12:10:37 300:Start Application
2024-09-25 12:10:44 395:Login Sucess With User admin
2024-09-25 12:11:00 657: Error 
 	 Could not load file or assembly 'MySql.Data, Version=6.9.8.0, Culture=neutral, PublicKeyToken=c5687fc88969c44d' or one of its dependencies. The located assembly's manifest definition does not match the assembly reference. (Exception from HRESULT: 0x80131040) 
 	 Source :ZIDEEE 
 	 StackTrace 
 	   at ZBPMS.UI.IDE_Form.frm_DefineProject.DetectDataBaseAsZBPMSDATABASE()
   at ZBPMS.UI.IDE_Form.frm_DefineProject.button5_Click(Object sender, EventArgs e) in D:\INIT\ZFramework\ZFramework\Solution\ZFramework\ZBPMS\UI\IDE_Form\frm_DefineProject.cs:line 314
   at System.Windows.Forms.Control.OnClick(EventArgs e)
   at System.Windows.Forms.Button.OnClick(EventArgs e)
   at System.Windows.Forms.Button.OnMouseUp(MouseEventArgs mevent)
   at System.Windows.Forms.Control.WmMouseUp(Message& m, MouseButtons button, Int32 clicks)
   at System.Windows.Forms.Control.WndProc(Message& m)
   at System.Windows.Forms.ButtonBase.WndProc(Message& m)
   at System.Windows.Forms.Button.WndProc(Message& m)
   at System.Windows.Forms.Control.ControlNativeWindow.OnMessage(Message& m)
   at System.Windows.Forms.Control.ControlNativeWindow.WndProc(Message& m)
   at System.Windows.Forms.NativeWindow.DebuggableCallback(IntPtr hWnd, Int32 msg, IntPtr wparam, IntPtr lparam)
   at System.Windows.Forms.UnsafeNativeMethods.DispatchMessageW(MSG& msg)
   at System.Windows.Forms.Application.ComponentManager.System.Windows.Forms.UnsafeNativeMethods.IMsoComponentManager.FPushMessageLoop(IntPtr dwComponentID, Int32 reason, Int32 pvLoopData)
   at System.Windows.Forms.Application.ThreadContext.RunMessageLoopInner(Int32 reason, ApplicationContext context)
   at System.Windows.Forms.Application.ThreadContext.RunMessageLoop(Int32 reason, ApplicationContext context)
   at System.Windows.Forms.Application.RunDialog(Form form)
   at System.Windows.Forms.Form.ShowDialog(IWin32Window owner)
   at System.Windows.Forms.Form.ShowDialog()
   at ZBPMS.UI.IDE_Form.frm_ProjectManagement.cmdnewproject_Click(Object sender, EventArgs e) in D:\INIT\ZFramework\ZFramework\Solution\ZFramework\ZBPMS\UI\IDE_Form\frm_ProjectManagement.cs:line 151
   at System.Windows.Forms.Control.OnClick(EventArgs e)
   at System.Windows.Forms.Button.OnClick(EventArgs e)
   at System.Windows.Forms.Button.OnMouseUp(MouseEventArgs mevent)
   at System.Windows.Forms.Control.WmMouseUp(Message& m, MouseButtons button, Int32 clicks)
   at System.Windows.Forms.Control.WndProc(Message& m)
   at System.Windows.Forms.ButtonBase.WndProc(Message& m)
   at System.Windows.Forms.Button.WndProc(Message& m)
   at System.Windows.Forms.Control.ControlNativeWindow.OnMessage(Message& m)
   at System.Windows.Forms.Control.ControlNativeWindow.WndProc(Message& m)
   at System.Windows.Forms.NativeWindow.DebuggableCallback(IntPtr hWnd, Int32 msg, IntPtr wparam, IntPtr lparam)
   at System.Windows.Forms.UnsafeNativeMethods.DispatchMessageW(MSG& msg)
   at System.Windows.Forms.Application.ComponentManager.System.Windows.Forms.UnsafeNativeMethods.IMsoComponentManager.FPushMessageLoop(IntPtr dwComponentID, Int32 reason, Int32 pvLoopData)
   at System.Windows.Forms.Application.ThreadContext.RunMessageLoopInner(Int32 reason, ApplicationContext context)
   at System.Windows.Forms.Application.ThreadContext.RunMessageLoop(Int32 reason, ApplicationContext context)
   at System.Windows.Forms.Application.RunDialog(Form form)
   at System.Windows.Forms.Form.ShowDialog(IWin32Window owner)
   at System.Windows.Forms.Form.ShowDialog()
   at ZBPMS.UI.frmmain.ShowProjectManagementForm() in D:\INIT\ZFramework\ZFramework\Solution\ZFramework\ZBPMS\UI\frmmain.cs:line 561
   at ZBPMS.UI.frmmain.mnuprojectmanagementstrip_Click(Object sender, EventArgs e) in D:\INIT\ZFramework\ZFramework\Solution\ZFramework\ZBPMS\UI\frmmain.cs:line 1766
   at System.Windows.Forms.ToolStripItem.RaiseEvent(Object key, EventArgs e)
   at System.Windows.Forms.ToolStripButton.OnClick(EventArgs e)
   at System.Windows.Forms.ToolStripItem.HandleClick(EventArgs e)
   at System.Windows.Forms.ToolStripItem.HandleMouseUp(MouseEventArgs e)
   at System.Windows.Forms.ToolStripItem.FireEventInteractive(EventArgs e, ToolStripItemEventType met)
   at System.Windows.Forms.ToolStripItem.FireEvent(EventArgs e, ToolStripItemEventType met)
   at System.Windows.Forms.ToolStrip.OnMouseUp(MouseEventArgs mea)
   at System.Windows.Forms.Control.WmMouseUp(Message& m, MouseButtons button, Int32 clicks)
   at System.Windows.Forms.Control.WndProc(Message& m)
   at System.Windows.Forms.ScrollableControl.WndProc(Message& m)
   at System.Windows.Forms.ToolStrip.WndProc(Message& m)
   at System.Windows.Forms.Control.ControlNativeWindow.OnMessage(Message& m)
   at System.Windows.Forms.Control.ControlNativeWindow.WndProc(Message& m)
   at System.Windows.Forms.NativeWindow.DebuggableCallback(IntPtr hWnd, Int32 msg, IntPtr wparam, IntPtr lparam)
   at System.Windows.Forms.UnsafeNativeMethods.DispatchMessageW(MSG& msg)
   at System.Windows.Forms.Application.ComponentManager.System.Windows.Forms.UnsafeNativeMethods.IMsoComponentManager.FPushMessageLoop(IntPtr dwComponentID, Int32 reason, Int32 pvLoopData)
   at System.Windows.Forms.Application.ThreadContext.RunMessageLoopInner(Int32 reason, ApplicationContext context)
   at System.Windows.Forms.Application.ThreadContext.RunMessageLoop(Int32 reason, ApplicationContext context)
   at System.Windows.Forms.Application.RunDialog(Form form)
   at System.Windows.Forms.Form.ShowDialog(IWin32Window owner)
   at System.Windows.Forms.Form.ShowDialog()
   at ZBPMS.frmlogin.DoLogin() in D:\INIT\ZFramework\ZFramework\Solution\ZFramework\ZBPMS\frmlogin.cs:line 97:
2024-09-25 12:11:06 546:Close Application
2024-09-25 12:55:19 279:Start Application
2024-09-25 12:55:20 948:Close Application
2024-09-25 13:26:12 192:Start Application
2024-09-25 13:26:14 926:Close Application
2024-09-25 19:50:22 195:Start Application
2024-09-25 19:50:28 399:Login Sucess With User admin
2024-09-25 20:31:37 033:Exit Application
2024-09-26 14:55:07 999:Start Application
2024-09-26 14:55:12 232:Login Sucess With User admin
2024-09-26 17:25:35 571:Exit Application
2024-09-28 07:47:25 036:Start Application
2024-09-28 07:47:30 897:Login Sucess With User Admin
2024-09-28 19:36:32 705:Exit Application
2024-09-29 10:08:33 357:Start Application
2024-09-29 10:08:39 564:Login Sucess With User admin
2024-09-29 11:27:58 855:Exit Application
2024-09-29 14:58:07 643:Start Application
2024-09-29 14:58:13 606:Login Sucess With User admin
2024-09-29 17:20:24 833:Exit Application
2024-09-29 17:49:48 223:Start Application
2024-09-29 17:49:55 698:Login Sucess With User admin
2024-09-29 17:52:45 943:Exit Application
2024-09-30 14:58:01 828:Start Application
2024-09-30 14:58:10 372:Login Sucess With User admin
2024-09-30 15:30:24 134:Exit Application
2024-09-30 16:38:37 627:Start Application
2024-09-30 16:38:43 071:Login Sucess With User admin
2024-09-30 18:50:29 817:Exit Application
2024-09-30 19:12:48 697:Start Application
2024-09-30 19:12:54 690: User Id. Or Password is Incorrect, please verify admin
2024-09-30 19:12:58 185:Login Sucess With User admin
2024-09-30 19:25:55 872:Exit Application
2024-10-02 08:01:13 262:Start Application
2024-10-02 08:01:19 744:Login Sucess With User admin
2024-10-02 08:01:56 983:Exit Application
2024-10-02 08:02:29 686:Start Application
2024-10-02 08:02:31 831:Close Application
2024-10-02 08:48:44 839:Start Application
2024-10-02 08:48:51 094:Login Sucess With User Admin
2024-10-02 14:39:02 310:Exit Application
2024-10-05 14:40:40 958:Start Application
2024-10-05 14:40:45 086:Login Sucess With User admin
2024-10-05 18:52:15 503:Exit Application
2024-10-09 12:52:56 368:Start Application
2024-10-09 12:53:01 245:Login Sucess With User admin
2024-10-09 16:07:55 554:Exit Application
2024-10-12 10:40:39 941:Start Application
2024-10-12 10:40:44 925:Login Sucess With User admin
2024-10-12 15:51:49 623:Exit Application
2024-10-13 10:20:32 654:Start Application
2024-10-13 10:20:38 219:Login Sucess With User admin
2024-10-14 09:21:18 765:Exit Application
2024-10-16 10:12:21 781:Start Application
2024-10-16 10:12:28 133:Login Sucess With User Admin
2024-10-16 17:39:32 712:Exit Application
2024-10-17 08:56:17 192:Start Application
2024-10-17 08:56:24 840:Login Sucess With User admin
2024-10-17 12:06:23 994:Exit Application
2024-10-19 07:44:45 933:Start Application
2024-10-19 07:44:51 951:Login Sucess With User admin
2024-10-19 14:50:49 988:Exit Application
2024-10-19 15:05:49 698:Start Application
2024-10-19 15:05:55 353:Login Sucess With User admin
2024-10-19 15:46:57 498:Exit Application
2024-10-21 14:05:34 283:Start Application
2024-10-21 14:05:40 658:Login Sucess With User admin
2024-10-21 16:20:21 029:Exit Application
2024-10-21 17:23:59 113:Start Application
2024-10-21 17:24:00 931:Close Application
2024-10-21 17:24:35 275:Start Application
2024-10-21 17:24:36 915:Close Application
2024-10-21 17:26:28 247:Start Application
2024-10-21 17:26:30 598:Close Application
2024-10-21 17:48:20 737:Start Application
2024-10-21 17:49:41 666:Close Application
2024-10-22 16:07:17 180:Start Application
2024-10-22 16:07:56 958:Login Sucess With User admin
2024-10-22 16:51:01 513:Exit Application
2024-10-23 12:42:09 698:Start Application
2024-10-23 12:42:16 662:Login Sucess With User ADMIN
2024-10-23 13:01:40 978:Exit Application
2024-10-23 18:26:32 640:Start Application
2024-10-23 18:26:38 122:Login Sucess With User admin
2024-10-23 19:30:42 881:Exit Application
2024-10-24 11:02:00 297:Start Application
2024-10-24 11:02:07 022:Login Sucess With User admin
2024-10-24 12:29:36 639:Exit Application
2024-10-26 17:57:25 466:Start Application
2024-10-26 17:57:32 928:Login Sucess With User admin
2024-10-26 18:11:21 923:Exit Application
2024-10-27 11:39:01 436:Start Application
2024-10-27 11:39:03 861:Close Application
2024-10-27 17:06:10 991:Start Application
2024-10-27 17:06:17 300:Login Sucess With User admin
2024-10-27 18:27:57 759:Exit Application
2024-10-28 14:40:34 749:Start Application
2024-10-28 14:40:48 573:Login Sucess With User admin
2024-10-28 16:14:58 919:Exit Application
2024-10-28 18:36:15 623:Start Application
2024-10-28 18:36:21 873:Login Sucess With User admin
2024-10-28 18:52:01 868:Exit Application
2024-10-29 11:13:10 055:Start Application
2024-10-29 11:13:15 592:Login Sucess With User admin
2024-10-29 13:33:42 067:Exit Application
2024-10-29 15:35:05 923:Start Application
2024-10-29 15:35:11 470:Login Sucess With User admin
2024-10-29 15:37:24 907:Exit Application
2024-11-03 19:53:50 305:Start Application
2024-11-03 19:54:00 719:Close Application
2024-11-04 09:36:43 806:Start Application
2024-11-04 09:36:51 171:Login Sucess With User admin
2024-11-04 18:01:30 589:Exit Application
2024-11-09 09:47:19 751:Start Application
2024-11-09 09:47:24 232:Login Sucess With User admin
2024-11-09 18:32:41 362:Exit Application
2024-11-10 08:57:52 819:Start Application
2024-11-10 08:58:11 381:Login Sucess With User admin
2024-11-10 16:15:35 451:Exit Application
2024-11-11 10:44:09 539:Start Application
2024-11-11 10:44:52 269:Login Sucess With User admin
2024-11-11 16:53:58 063:Exit Application
2024-11-13 15:43:18 789:Start Application
2024-11-13 15:43:23 084:Login Sucess With User admin
2024-11-13 15:45:32 800:Exit Application
2024-11-14 07:54:55 738:Start Application
2024-11-14 07:55:16 848:Login Sucess With User admin
2024-11-14 14:04:41 969:Exit Application
2024-11-16 10:09:22 280:Start Application
2024-11-16 10:09:32 459:Login Sucess With User admin
2024-11-16 10:47:12 732:Exit Application
2024-11-16 12:33:39 372:Start Application
2024-11-16 12:33:42 070:Close Application
2024-11-16 13:48:37 678:Start Application
2024-11-16 13:49:03 639:Login Sucess With User ADMIN
2024-11-17 17:31:14 142:Exit Application
2024-11-17 18:29:45 337:Start Application
2024-11-17 18:29:50 832:Login Sucess With User admin
2024-11-17 18:36:53 734: Error 
 	 Object reference not set to an instance of an object. 
 	 Source :ZIDEEE 
 	 StackTrace 
 	   at ZBPMS.DB_ANALYZE.frm_Parameter_Compaire..ctor() in D:\INIT\ZFramework\ZFramework\Solution\ZFramework\ZBPMS\DB_ANALYZE\frm_Parameter_Compaire.cs:line 17
   at ZBPMS.UI.frmmain.parameterConfilictToolStripMenuItem_Click(Object sender, EventArgs e) in D:\INIT\ZFramework\ZFramework\Solution\ZFramework\ZBPMS\UI\frmmain.cs:line 3433
   at System.Windows.Forms.ToolStripItem.RaiseEvent(Object key, EventArgs e)
   at System.Windows.Forms.ToolStripMenuItem.OnClick(EventArgs e)
   at System.Windows.Forms.ToolStripItem.HandleClick(EventArgs e)
   at System.Windows.Forms.ToolStripItem.HandleMouseUp(MouseEventArgs e)
   at System.Windows.Forms.ToolStripItem.FireEventInteractive(EventArgs e, ToolStripItemEventType met)
   at System.Windows.Forms.ToolStripItem.FireEvent(EventArgs e, ToolStripItemEventType met)
   at System.Windows.Forms.ToolStrip.OnMouseUp(MouseEventArgs mea)
   at System.Windows.Forms.ToolStripDropDown.OnMouseUp(MouseEventArgs mea)
   at System.Windows.Forms.Control.WmMouseUp(Message& m, MouseButtons button, Int32 clicks)
   at System.Windows.Forms.Control.WndProc(Message& m)
   at System.Windows.Forms.ScrollableControl.WndProc(Message& m)
   at System.Windows.Forms.ToolStrip.WndProc(Message& m)
   at System.Windows.Forms.ToolStripDropDown.WndProc(Message& m)
   at System.Windows.Forms.Control.ControlNativeWindow.OnMessage(Message& m)
   at System.Windows.Forms.Control.ControlNativeWindow.WndProc(Message& m)
   at System.Windows.Forms.NativeWindow.DebuggableCallback(IntPtr hWnd, Int32 msg, IntPtr wparam, IntPtr lparam)
   at System.Windows.Forms.UnsafeNativeMethods.DispatchMessageW(MSG& msg)
   at System.Windows.Forms.Application.ComponentManager.System.Windows.Forms.UnsafeNativeMethods.IMsoComponentManager.FPushMessageLoop(IntPtr dwComponentID, Int32 reason, Int32 pvLoopData)
   at System.Windows.Forms.Application.ThreadContext.RunMessageLoopInner(Int32 reason, ApplicationContext context)
   at System.Windows.Forms.Application.ThreadContext.RunMessageLoop(Int32 reason, ApplicationContext context)
   at System.Windows.Forms.Application.RunDialog(Form form)
   at System.Windows.Forms.Form.ShowDialog(IWin32Window owner)
   at System.Windows.Forms.Form.ShowDialog()
   at ZBPMS.frmlogin.DoLogin() in D:\INIT\ZFramework\ZFramework\Solution\ZFramework\ZBPMS\frmlogin.cs:line 97:
2024-11-17 18:36:55 576:Close Application
2024-11-17 18:37:32 964:Start Application
2024-11-17 18:37:37 425:Login Sucess With User admin
2024-11-17 18:39:36 287:Exit Application
2024-11-20 15:39:45 267:Start Application
2024-11-20 15:50:33 417:Close Application
2024-11-20 16:01:28 409:Start Application
2024-11-20 16:01:34 735:Login Sucess With User admin
2024-11-21 14:13:04 349:Exit Application
2024-11-21 14:55:30 605:Start Application
2024-11-21 14:55:34 224:Close Application
2024-11-21 15:10:09 249:Start Application
2024-11-21 15:10:10 947:Close Application
2024-11-21 16:20:04 783:Start Application
2024-11-21 16:20:09 024:Login Sucess With User admin
2024-11-21 16:21:21 775: Error 
 	 Cannot access a disposed object.
Object name: 'frm_SQL_SHOW_DEPENDENCY_CODE_VIEWER'. 
 	 Source :System.Windows.Forms 
 	 StackTrace 
 	   at System.Windows.Forms.Control.CreateHandle()
   at System.Windows.Forms.Form.CreateHandle()
   at System.Windows.Forms.Control.get_Handle()
   at System.Windows.Forms.Form.ShowDialog(IWin32Window owner)
   at System.Windows.Forms.Form.ShowDialog()
   at ZBPMS.UI.Custom_Control.ZTextEditor.show_Cascade_SQL_Dependency() in D:\INIT\ZFramework\ZFramework\Solution\ZFramework\ZBPMS\UI\Custom_Control\ZTextEditor.cs:line 46
   at ZBPMS.UI.Custom_Control.MenuManager.mnu_show_object_Click(Object sender, EventArgs e) in D:\INIT\ZFramework\ZFramework\Solution\ZFramework\ZBPMS\UI\Custom_Control\MenuManager.cs:line 176
   at System.Windows.Forms.ToolStripItem.RaiseEvent(Object key, EventArgs e)
   at System.Windows.Forms.ToolStripMenuItem.OnClick(EventArgs e)
   at System.Windows.Forms.ToolStripItem.HandleClick(EventArgs e)
   at System.Windows.Forms.ToolStripItem.HandleMouseUp(MouseEventArgs e)
   at System.Windows.Forms.ToolStripItem.FireEventInteractive(EventArgs e, ToolStripItemEventType met)
   at System.Windows.Forms.ToolStripItem.FireEvent(EventArgs e, ToolStripItemEventType met)
   at System.Windows.Forms.ToolStrip.OnMouseUp(MouseEventArgs mea)
   at System.Windows.Forms.ToolStripDropDown.OnMouseUp(MouseEventArgs mea)
   at System.Windows.Forms.Control.WmMouseUp(Message& m, MouseButtons button, Int32 clicks)
   at System.Windows.Forms.Control.WndProc(Message& m)
   at System.Windows.Forms.ScrollableControl.WndProc(Message& m)
   at System.Windows.Forms.ToolStrip.WndProc(Message& m)
   at System.Windows.Forms.ToolStripDropDown.WndProc(Message& m)
   at System.Windows.Forms.Control.ControlNativeWindow.OnMessage(Message& m)
   at System.Windows.Forms.Control.ControlNativeWindow.WndProc(Message& m)
   at System.Windows.Forms.NativeWindow.DebuggableCallback(IntPtr hWnd, Int32 msg, IntPtr wparam, IntPtr lparam)
   at System.Windows.Forms.UnsafeNativeMethods.DispatchMessageW(MSG& msg)
   at System.Windows.Forms.Application.ComponentManager.System.Windows.Forms.UnsafeNativeMethods.IMsoComponentManager.FPushMessageLoop(IntPtr dwComponentID, Int32 reason, Int32 pvLoopData)
   at System.Windows.Forms.Application.ThreadContext.RunMessageLoopInner(Int32 reason, ApplicationContext context)
   at System.Windows.Forms.Application.ThreadContext.RunMessageLoop(Int32 reason, ApplicationContext context)
   at System.Windows.Forms.Application.RunDialog(Form form)
   at System.Windows.Forms.Form.ShowDialog(IWin32Window owner)
   at System.Windows.Forms.Form.ShowDialog()
   at ZBPMS.UI.IDE_DockForm.RESTService.Dfrm_RestFunction.listView1_DoubleClick(Object sender, EventArgs e) in D:\INIT\ZFramework\ZFramework\Solution\ZFramework\ZBPMS\UI\IDE_DockForm\RESTService\Dfrm_RestFunction.cs:line 314
   at System.Windows.Forms.Control.OnDoubleClick(EventArgs e)
   at System.Windows.Forms.ListView.WndProc(Message& m)
   at System.Windows.Forms.Control.ControlNativeWindow.OnMessage(Message& m)
   at System.Windows.Forms.Control.ControlNativeWindow.WndProc(Message& m)
   at System.Windows.Forms.NativeWindow.DebuggableCallback(IntPtr hWnd, Int32 msg, IntPtr wparam, IntPtr lparam)
   at System.Windows.Forms.UnsafeNativeMethods.DispatchMessageW(MSG& msg)
   at System.Windows.Forms.Application.ComponentManager.System.Windows.Forms.UnsafeNativeMethods.IMsoComponentManager.FPushMessageLoop(IntPtr dwComponentID, Int32 reason, Int32 pvLoopData)
   at System.Windows.Forms.Application.ThreadContext.RunMessageLoopInner(Int32 reason, ApplicationContext context)
   at System.Windows.Forms.Application.ThreadContext.RunMessageLoop(Int32 reason, ApplicationContext context)
   at System.Windows.Forms.Application.RunDialog(Form form)
   at System.Windows.Forms.Form.ShowDialog(IWin32Window owner)
   at System.Windows.Forms.Form.ShowDialog()
   at ZBPMS.frmlogin.DoLogin() in D:\INIT\ZFramework\ZFramework\Solution\ZFramework\ZBPMS\frmlogin.cs:line 97:
2024-11-21 16:21:28 329:Close Application
2024-11-21 16:23:06 782:Start Application
2024-11-21 16:23:11 940:Login Sucess With User admin
2024-11-21 16:23:57 332: Error 
 	 Cannot access a disposed object.
Object name: 'frm_SQL_SHOW_DEPENDENCY_CODE_VIEWER'. 
 	 Source :System.Windows.Forms 
 	 StackTrace 
 	   at System.Windows.Forms.Control.CreateHandle()
   at System.Windows.Forms.Form.CreateHandle()
   at System.Windows.Forms.Control.get_Handle()
   at System.Windows.Forms.Form.ShowDialog(IWin32Window owner)
   at System.Windows.Forms.Form.ShowDialog()
   at ZBPMS.UI.Custom_Control.ZTextEditor.show_Cascade_SQL_Dependency() in D:\INIT\ZFramework\ZFramework\Solution\ZFramework\ZBPMS\UI\Custom_Control\ZTextEditor.cs:line 46
   at ZBPMS.UI.Custom_Control.MenuManager.mnu_show_object_Click(Object sender, EventArgs e) in D:\INIT\ZFramework\ZFramework\Solution\ZFramework\ZBPMS\UI\Custom_Control\MenuManager.cs:line 176
   at System.Windows.Forms.ToolStripItem.RaiseEvent(Object key, EventArgs e)
   at System.Windows.Forms.ToolStripMenuItem.OnClick(EventArgs e)
   at System.Windows.Forms.ToolStripItem.HandleClick(EventArgs e)
   at System.Windows.Forms.ToolStripItem.HandleMouseUp(MouseEventArgs e)
   at System.Windows.Forms.ToolStripItem.FireEventInteractive(EventArgs e, ToolStripItemEventType met)
   at System.Windows.Forms.ToolStripItem.FireEvent(EventArgs e, ToolStripItemEventType met)
   at System.Windows.Forms.ToolStrip.OnMouseUp(MouseEventArgs mea)
   at System.Windows.Forms.ToolStripDropDown.OnMouseUp(MouseEventArgs mea)
   at System.Windows.Forms.Control.WmMouseUp(Message& m, MouseButtons button, Int32 clicks)
   at System.Windows.Forms.Control.WndProc(Message& m)
   at System.Windows.Forms.ScrollableControl.WndProc(Message& m)
   at System.Windows.Forms.ToolStrip.WndProc(Message& m)
   at System.Windows.Forms.ToolStripDropDown.WndProc(Message& m)
   at System.Windows.Forms.Control.ControlNativeWindow.OnMessage(Message& m)
   at System.Windows.Forms.Control.ControlNativeWindow.WndProc(Message& m)
   at System.Windows.Forms.NativeWindow.DebuggableCallback(IntPtr hWnd, Int32 msg, IntPtr wparam, IntPtr lparam)
   at System.Windows.Forms.UnsafeNativeMethods.DispatchMessageW(MSG& msg)
   at System.Windows.Forms.Application.ComponentManager.System.Windows.Forms.UnsafeNativeMethods.IMsoComponentManager.FPushMessageLoop(IntPtr dwComponentID, Int32 reason, Int32 pvLoopData)
   at System.Windows.Forms.Application.ThreadContext.RunMessageLoopInner(Int32 reason, ApplicationContext context)
   at System.Windows.Forms.Application.ThreadContext.RunMessageLoop(Int32 reason, ApplicationContext context)
   at System.Windows.Forms.Application.RunDialog(Form form)
   at System.Windows.Forms.Form.ShowDialog(IWin32Window owner)
   at System.Windows.Forms.Form.ShowDialog()
   at ZBPMS.UI.IDE_DockForm.RESTService.Dfrm_RestFunction.listView1_DoubleClick(Object sender, EventArgs e) in D:\INIT\ZFramework\ZFramework\Solution\ZFramework\ZBPMS\UI\IDE_DockForm\RESTService\Dfrm_RestFunction.cs:line 314
   at System.Windows.Forms.Control.OnDoubleClick(EventArgs e)
   at System.Windows.Forms.ListView.WndProc(Message& m)
   at System.Windows.Forms.Control.ControlNativeWindow.OnMessage(Message& m)
   at System.Windows.Forms.Control.ControlNativeWindow.WndProc(Message& m)
   at System.Windows.Forms.NativeWindow.DebuggableCallback(IntPtr hWnd, Int32 msg, IntPtr wparam, IntPtr lparam)
   at System.Windows.Forms.UnsafeNativeMethods.DispatchMessageW(MSG& msg)
   at System.Windows.Forms.Application.ComponentManager.System.Windows.Forms.UnsafeNativeMethods.IMsoComponentManager.FPushMessageLoop(IntPtr dwComponentID, Int32 reason, Int32 pvLoopData)
   at System.Windows.Forms.Application.ThreadContext.RunMessageLoopInner(Int32 reason, ApplicationContext context)
   at System.Windows.Forms.Application.ThreadContext.RunMessageLoop(Int32 reason, ApplicationContext context)
   at System.Windows.Forms.Application.RunDialog(Form form)
   at System.Windows.Forms.Form.ShowDialog(IWin32Window owner)
   at System.Windows.Forms.Form.ShowDialog()
   at ZBPMS.frmlogin.DoLogin() in D:\INIT\ZFramework\ZFramework\Solution\ZFramework\ZBPMS\frmlogin.cs:line 97:
2024-11-21 16:24:03 367:Close Application
2024-11-21 16:24:52 961:Start Application
2024-11-21 16:24:57 010:Login Sucess With User admin
2024-11-21 16:26:28 993: Error 
 	 Cannot access a disposed object.
Object name: 'frm_SQL_SHOW_DEPENDENCY_CODE_VIEWER'. 
 	 Source :System.Windows.Forms 
 	 StackTrace 
 	   at System.Windows.Forms.Control.CreateHandle()
   at System.Windows.Forms.Form.CreateHandle()
   at System.Windows.Forms.Control.get_Handle()
   at System.Windows.Forms.Form.ShowDialog(IWin32Window owner)
   at System.Windows.Forms.Form.ShowDialog()
   at ZBPMS.UI.Custom_Control.ZTextEditor.show_Cascade_SQL_Dependency() in D:\INIT\ZFramework\ZFramework\Solution\ZFramework\ZBPMS\UI\Custom_Control\ZTextEditor.cs:line 46
   at ZBPMS.UI.Custom_Control.MenuManager.mnu_show_object_Click(Object sender, EventArgs e) in D:\INIT\ZFramework\ZFramework\Solution\ZFramework\ZBPMS\UI\Custom_Control\MenuManager.cs:line 176
   at System.Windows.Forms.ToolStripItem.RaiseEvent(Object key, EventArgs e)
   at System.Windows.Forms.ToolStripMenuItem.OnClick(EventArgs e)
   at System.Windows.Forms.ToolStripItem.HandleClick(EventArgs e)
   at System.Windows.Forms.ToolStripItem.HandleMouseUp(MouseEventArgs e)
   at System.Windows.Forms.ToolStripItem.FireEventInteractive(EventArgs e, ToolStripItemEventType met)
   at System.Windows.Forms.ToolStripItem.FireEvent(EventArgs e, ToolStripItemEventType met)
   at System.Windows.Forms.ToolStrip.OnMouseUp(MouseEventArgs mea)
   at System.Windows.Forms.ToolStripDropDown.OnMouseUp(MouseEventArgs mea)
   at System.Windows.Forms.Control.WmMouseUp(Message& m, MouseButtons button, Int32 clicks)
   at System.Windows.Forms.Control.WndProc(Message& m)
   at System.Windows.Forms.ScrollableControl.WndProc(Message& m)
   at System.Windows.Forms.ToolStrip.WndProc(Message& m)
   at System.Windows.Forms.ToolStripDropDown.WndProc(Message& m)
   at System.Windows.Forms.Control.ControlNativeWindow.OnMessage(Message& m)
   at System.Windows.Forms.Control.ControlNativeWindow.WndProc(Message& m)
   at System.Windows.Forms.NativeWindow.DebuggableCallback(IntPtr hWnd, Int32 msg, IntPtr wparam, IntPtr lparam)
   at System.Windows.Forms.UnsafeNativeMethods.DispatchMessageW(MSG& msg)
   at System.Windows.Forms.Application.ComponentManager.System.Windows.Forms.UnsafeNativeMethods.IMsoComponentManager.FPushMessageLoop(IntPtr dwComponentID, Int32 reason, Int32 pvLoopData)
   at System.Windows.Forms.Application.ThreadContext.RunMessageLoopInner(Int32 reason, ApplicationContext context)
   at System.Windows.Forms.Application.ThreadContext.RunMessageLoop(Int32 reason, ApplicationContext context)
   at System.Windows.Forms.Application.RunDialog(Form form)
   at System.Windows.Forms.Form.ShowDialog(IWin32Window owner)
   at System.Windows.Forms.Form.ShowDialog()
   at ZBPMS.UI.IDE_DockForm.RESTService.Dfrm_RestFunction.listView1_DoubleClick(Object sender, EventArgs e) in D:\INIT\ZFramework\ZFramework\Solution\ZFramework\ZBPMS\UI\IDE_DockForm\RESTService\Dfrm_RestFunction.cs:line 314
   at System.Windows.Forms.Control.OnDoubleClick(EventArgs e)
   at System.Windows.Forms.ListView.WndProc(Message& m)
   at System.Windows.Forms.Control.ControlNativeWindow.OnMessage(Message& m)
   at System.Windows.Forms.Control.ControlNativeWindow.WndProc(Message& m)
   at System.Windows.Forms.NativeWindow.DebuggableCallback(IntPtr hWnd, Int32 msg, IntPtr wparam, IntPtr lparam)
   at System.Windows.Forms.UnsafeNativeMethods.DispatchMessageW(MSG& msg)
   at System.Windows.Forms.Application.ComponentManager.System.Windows.Forms.UnsafeNativeMethods.IMsoComponentManager.FPushMessageLoop(IntPtr dwComponentID, Int32 reason, Int32 pvLoopData)
   at System.Windows.Forms.Application.ThreadContext.RunMessageLoopInner(Int32 reason, ApplicationContext context)
   at System.Windows.Forms.Application.ThreadContext.RunMessageLoop(Int32 reason, ApplicationContext context)
   at System.Windows.Forms.Application.RunDialog(Form form)
   at System.Windows.Forms.Form.ShowDialog(IWin32Window owner)
   at System.Windows.Forms.Form.ShowDialog()
   at ZBPMS.frmlogin.DoLogin() in D:\INIT\ZFramework\ZFramework\Solution\ZFramework\ZBPMS\frmlogin.cs:line 97:
2024-11-21 16:26:34 299:Close Application
2024-11-21 17:04:22 855:Start Application
2024-11-21 17:04:30 878:Login Sucess With User admin
2024-11-21 17:08:51 005:Exit Application
2024-11-23 10:22:47 950:Start Application
2024-11-23 10:22:52 666:Login Sucess With User admin
2024-11-23 15:45:10 004:Exit Application
2024-11-24 09:50:47 547:Start Application
2024-11-24 09:51:28 242:Login Sucess With User admin
2024-11-24 16:58:56 074:Exit Application
2024-11-25 06:44:51 718:Start Application
2024-11-25 06:45:01 113:Login Sucess With User admin
2024-11-25 19:26:48 579:Exit Application
2024-11-26 06:08:33 021:Start Application
2024-11-26 06:08:43 059:Login Sucess With User admin
2024-11-27 19:04:20 237:Exit Application
2024-11-28 11:55:51 758:Start Application
2024-11-28 11:55:59 059:Login Sucess With User admin
2024-11-28 17:48:17 291:Exit Application
2024-11-28 18:00:14 370:Start Application
2024-11-28 18:01:40 776:Login Sucess With User admin
2024-11-28 18:02:27 253:Exit Application
2024-11-28 18:24:05 293:Start Application
2024-11-28 18:24:15 234:Login Sucess With User admin
2024-11-28 18:58:49 572:Exit Application
2024-11-30 12:37:48 172:Start Application
2024-11-30 12:37:54 810:Login Sucess With User admin
2024-11-30 12:41:08 475:Exit Application
2024-11-30 14:03:16 112:Start Application
2024-11-30 14:03:23 127:Login Sucess With User admin
2024-11-30 14:11:42 809:Exit Application
2024-11-30 14:18:44 952:Start Application
2024-11-30 14:18:49 393:Close Application
2024-11-30 14:24:05 454:Start Application
2024-11-30 14:24:12 842:Login Sucess With User admin
2024-11-30 14:24:40 953:Exit Application
2024-11-30 15:41:41 415:Start Application
2024-11-30 15:41:47 566:Login Sucess With User Admin
2024-11-30 16:17:43 524:Exit Application
2024-11-30 16:17:50 972:Start Application
2024-11-30 16:17:54 882:Login Sucess With User admin
2024-11-30 16:19:43 371:Exit Application
2024-11-30 16:49:51 574:Start Application
2024-11-30 16:50:46 816:Login Sucess With User admin
2024-11-30 16:50:56 356:Exit Application
2024-12-03 14:09:37 683:Start Application
2024-12-03 14:09:43 962:Login Sucess With User admin
2024-12-03 17:22:04 729:Exit Application
2024-12-04 07:14:21 762:Start Application
2024-12-04 07:14:27 135:Login Sucess With User admin
2024-12-04 07:22:49 281:Exit Application
2024-12-04 07:24:10 741:Start Application
2024-12-04 09:36:25 924:Login Sucess With User admin
2024-12-04 09:36:36 364:Exit Application
2024-12-04 09:39:03 765:Start Application
2024-12-04 09:39:18 652: User Id. Or Password is Incorrect, please verify admin
2024-12-04 09:39:22 622:Login Sucess With User admin
2024-12-04 16:11:47 333:Exit Application
2024-12-07 08:48:04 457:Start Application
2024-12-07 08:48:14 741:Login Sucess With User admin
2024-12-07 19:43:24 717:Exit Application
2024-12-08 11:07:05 127:Start Application
2024-12-08 11:07:09 192:Login Sucess With User admin
2024-12-08 11:51:01 885:Exit Application
2024-12-08 12:30:28 828:Start Application
2024-12-08 12:30:33 197:Login Sucess With User admin
2024-12-08 12:37:27 958:Exit Application
2024-12-08 12:56:40 528:Start Application
2024-12-08 12:56:45 408:Login Sucess With User admin
2024-12-08 13:03:29 421:Exit Application
2024-12-08 13:04:10 662:Start Application
2024-12-08 13:04:31 873:Login Sucess With User admin
2024-12-08 13:07:07 005:Exit Application
2024-12-08 13:08:51 168:Start Application
2024-12-08 13:08:55 981:Login Sucess With User admin
2024-12-08 13:09:40 923:Exit Application
2024-12-08 13:40:09 621:Start Application
2024-12-08 13:40:12 100:Close Application
2024-12-09 09:35:29 106:Start Application
2024-12-09 09:35:33 740:Login Sucess With User admin
2024-12-09 19:56:03 965:Exit Application
2024-12-10 09:02:41 933:Start Application
2024-12-10 09:02:48 221:Login Sucess With User admin
2024-12-10 18:39:51 502:Exit Application
2024-12-10 19:08:30 723:Start Application
2024-12-10 19:08:35 784:Login Sucess With User admin
2024-12-10 23:02:03 074:Exit Application
2024-12-11 09:04:55 862:Start Application
2024-12-11 09:05:05 974:Login Sucess With User admin
2024-12-11 20:43:11 150:Exit Application
2024-12-12 10:29:00 234:Start Application
2024-12-12 10:29:13 303: User Id. Or Password is Incorrect, please verify admin
2024-12-12 10:29:17 999:Login Sucess With User admin
2024-12-12 16:07:53 737:Exit Application
2024-12-14 10:22:55 763:Start Application
2024-12-14 10:23:00 504:Login Sucess With User admin
2024-12-14 16:42:11 439:Exit Application
2024-12-14 17:23:04 887:Start Application
2024-12-14 17:23:13 304:Login Sucess With User admin
2024-12-14 18:35:41 274:Exit Application
2024-12-15 13:27:13 629:Start Application
2024-12-15 13:27:20 510:Login Sucess With User admin
2024-12-15 20:10:29 679:Exit Application
2024-12-17 10:32:52 407:Start Application
2024-12-17 10:33:01 079:Login Sucess With User admin
2024-12-17 17:33:11 002:Exit Application
2024-12-18 14:37:59 638:Start Application
2024-12-18 14:38:06 071:Login Sucess With User admin
2024-12-18 18:14:14 073:Exit Application
2024-12-19 09:28:08 017:Start Application
2024-12-19 09:28:16 173:Login Sucess With User admin
2024-12-19 16:15:24 856:Exit Application
2024-12-19 16:19:04 786:Start Application
2024-12-19 16:19:09 374:Login Sucess With User admin
2024-12-19 16:24:38 800:Exit Application
2024-12-22 11:14:59 148:Start Application
2024-12-22 11:16:03 856:Login Sucess With User admin
2024-12-22 17:32:18 071:Exit Application
2024-12-23 10:31:53 819:Start Application
2024-12-23 10:32:31 207:Login Sucess With User admin
2024-12-23 18:40:46 955:Exit Application
2024-12-23 18:46:37 949:Start Application
2024-12-23 18:46:45 383:Login Sucess With User admin
2024-12-23 18:57:52 451:Exit Application
2024-12-24 10:37:24 599:Start Application
2024-12-24 10:37:33 491:Login Sucess With User admin
2024-12-24 19:59:49 528:Exit Application
2024-12-25 23:14:36 074:Start Application
2024-12-25 23:14:42 618:Login Sucess With User admin
2024-12-26 01:19:17 122:Exit Application
2024-12-26 13:19:40 233:Start Application
2024-12-26 13:19:57 752:Login Sucess With User admin
2024-12-26 19:42:22 544:Exit Application
2024-12-28 07:30:29 923:Start Application
2024-12-28 07:30:39 119:Login Sucess With User admin
2024-12-28 13:25:26 991:Exit Application
2024-12-29 08:39:43 640:Start Application
2024-12-29 08:39:48 730:Login Sucess With User ADMIN
2024-12-29 09:38:55 124:Exit Application
2024-12-29 09:39:03 505:Start Application
2024-12-29 09:39:13 543:Login Sucess With User admin
2024-12-29 11:09:05 399:Exit Application
2024-12-29 13:47:03 457:Start Application
2024-12-29 13:47:13 055:Login Sucess With User admin
2024-12-29 13:48:21 703:Exit Application
2024-12-29 14:08:25 575:Start Application
2024-12-29 14:08:30 058:Login Sucess With User admin
2024-12-29 14:12:48 046:Exit Application
2024-12-31 22:56:08 587:Start Application
2024-12-31 22:56:15 442:Login Sucess With User admin
2025-01-01 03:33:51 996:Exit Application
2025-01-02 09:37:31 190:Start Application
2025-01-02 09:37:56 303:Login Sucess With User admin
2025-01-02 18:43:41 224:Exit Application
